2026-02-20 15:52:45 [main] INFO  org.javaweb.TliasWebManagementApplication - Starting TliasWebManagementApplication using Java 17.0.18 with PID 6264 (F:\JavaWeb_Works\web-projects\tlias-web-management\target\classes started by tswos in F:\JavaWeb_Works\web-projects)
2026-02-20 15:52:45 [main] INFO  org.javaweb.TliasWebManagementApplication - No active profile set, falling back to 1 default profile: "default"
2026-02-20 15:52:46 [main] INFO  o.s.boot.web.embedded.tomcat.TomcatWebServer - Tomcat initialized with port 8080 (http)
2026-02-20 15:52:46 [main] INFO  org.apache.coyote.http11.Http11NioProtocol - Initializing ProtocolHandler ["http-nio-8080"]
2026-02-20 15:52:46 [main] INFO  org.apache.catalina.core.StandardService - Starting service [Tomcat]
2026-02-20 15:52:46 [main] INFO  org.apache.catalina.core.StandardEngine - Starting Servlet engine: [Apache Tomcat/10.1.50]
2026-02-20 15:52:46 [main] INFO  o.a.c.core.ContainerBase.[Tomcat].[localhost].[/] - Initializing Spring embedded WebApplicationContext
2026-02-20 15:52:46 [main] INFO  o.s.b.w.s.c.ServletWebServerApplicationContext - Root WebApplicationContext: initialization completed in 904 ms
2026-02-20 15:52:46 [main] INFO  org.javaweb.filter.TokenFilter - DemoFilter init 初始化
2026-02-20 15:52:47 [main] INFO  org.apache.coyote.http11.Http11NioProtocol - Starting ProtocolHandler ["http-nio-8080"]
2026-02-20 15:52:47 [main] INFO  o.s.boot.web.embedded.tomcat.TomcatWebServer - Tomcat started on port 8080 (http) with context path '/'
2026-02-20 15:52:47 [main] INFO  org.javaweb.TliasWebManagementApplication - Started TliasWebManagementApplication in 1.939 seconds (process running for 3.064)
2026-02-20 15:53:03 [http-nio-8080-exec-1] INFO  o.a.c.core.ContainerBase.[Tomcat].[localhost].[/] - Initializing Spring DispatcherServlet 'dispatcherServlet'
2026-02-20 15:53:03 [http-nio-8080-exec-1] INFO  org.springframework.web.servlet.DispatcherServlet - Initializing Servlet 'dispatcherServlet'
2026-02-20 15:53:03 [http-nio-8080-exec-1] INFO  org.springframework.web.servlet.DispatcherServlet - Completed initialization in 1 ms
2026-02-20 15:53:03 [http-nio-8080-exec-1] INFO  org.javaweb.filter.TokenFilter - token无效
2026-02-20 15:53:07 [http-nio-8080-exec-3] INFO  org.javaweb.filter.TokenFilter - 登录请求
2026-02-20 15:53:07 [http-nio-8080-exec-3] INFO  com.zaxxer.hikari.HikariDataSource - HikariPool-1 - Starting...
2026-02-20 15:53:07 [http-nio-8080-exec-3] INFO  com.zaxxer.hikari.pool.HikariPool - HikariPool-1 - Added connection com.mysql.cj.jdbc.ConnectionImpl@5c9e61f6
2026-02-20 15:53:07 [http-nio-8080-exec-3] INFO  com.zaxxer.hikari.HikariDataSource - HikariPool-1 - Start completed.
2026-02-20 15:53:07 [http-nio-8080-exec-3] ERROR org.javaweb.exception.GlobalExceptionHandler - 业务异常：用户名或密码错误
2026-02-20 15:53:44 [http-nio-8080-exec-4] INFO  org.javaweb.filter.TokenFilter - 登录请求
2026-02-20 15:53:44 [http-nio-8080-exec-4] ERROR org.javaweb.exception.GlobalExceptionHandler - 业务异常：用户名或密码错误
2026-02-20 15:53:50 [http-nio-8080-exec-2] INFO  org.javaweb.filter.TokenFilter - 登录请求
2026-02-20 15:53:50 [http-nio-8080-exec-2] ERROR org.javaweb.exception.GlobalExceptionHandler - 业务异常：用户名或密码错误
2026-02-20 15:56:59 [http-nio-8080-exec-6] INFO  org.javaweb.filter.TokenFilter - 登录请求
2026-02-20 15:56:59 [http-nio-8080-exec-6] INFO  org.javaweb.service.impl.EmpServiceImpl - 【员工管理】员工登录成功，用户名：shinaian
2026-02-20 15:56:59 [http-nio-8080-exec-6] INFO  org.javaweb.service.impl.EmpServiceImpl - 【员工管理】当前用户详细信息：Emp{id=null, username='shinaian', name='null', gender=未知, phone='null', job=未知职位, salary=null, entryDate=null, deptName='null', exprList=null}
2026-02-20 15:58:32 [SpringApplicationShutdownHook] INFO  o.s.boot.web.embedded.tomcat.GracefulShutdown - Commencing graceful shutdown. Waiting for active requests to complete
2026-02-20 15:58:32 [tomcat-shutdown] INFO  o.s.boot.web.embedded.tomcat.GracefulShutdown - Graceful shutdown complete
2026-02-20 15:58:32 [SpringApplicationShutdownHook] INFO  com.zaxxer.hikari.HikariDataSource - HikariPool-1 - Shutdown initiated...
2026-02-20 15:58:32 [SpringApplicationShutdownHook] INFO  com.zaxxer.hikari.HikariDataSource - HikariPool-1 - Shutdown completed.
2026-02-20 15:58:32 [SpringApplicationShutdownHook] INFO  org.javaweb.filter.TokenFilter - DemoFilter destroy 销毁
2026-02-20 15:58:35 [main] INFO  org.javaweb.TliasWebManagementApplication - Starting TliasWebManagementApplication using Java 17.0.18 with PID 20128 (F:\JavaWeb_Works\web-projects\tlias-web-management\target\classes started by tswos in F:\JavaWeb_Works\web-projects)
2026-02-20 15:58:35 [main] INFO  org.javaweb.TliasWebManagementApplication - No active profile set, falling back to 1 default profile: "default"
2026-02-20 15:58:36 [main] INFO  o.s.boot.web.embedded.tomcat.TomcatWebServer - Tomcat initialized with port 8080 (http)
2026-02-20 15:58:36 [main] INFO  org.apache.coyote.http11.Http11NioProtocol - Initializing ProtocolHandler ["http-nio-8080"]
2026-02-20 15:58:36 [main] INFO  org.apache.catalina.core.StandardService - Starting service [Tomcat]
2026-02-20 15:58:36 [main] INFO  org.apache.catalina.core.StandardEngine - Starting Servlet engine: [Apache Tomcat/10.1.50]
2026-02-20 15:58:36 [main] INFO  o.a.c.core.ContainerBase.[Tomcat].[localhost].[/] - Initializing Spring embedded WebApplicationContext
2026-02-20 15:58:36 [main] INFO  o.s.b.w.s.c.ServletWebServerApplicationContext - Root WebApplicationContext: initialization completed in 798 ms
2026-02-20 15:58:36 [main] INFO  org.javaweb.filter.TokenFilter - DemoFilter init 初始化
2026-02-20 15:58:36 [main] INFO  org.apache.coyote.http11.Http11NioProtocol - Starting ProtocolHandler ["http-nio-8080"]
2026-02-20 15:58:36 [main] INFO  o.s.boot.web.embedded.tomcat.TomcatWebServer - Tomcat started on port 8080 (http) with context path '/'
2026-02-20 15:58:36 [main] INFO  org.javaweb.TliasWebManagementApplication - Started TliasWebManagementApplication in 1.764 seconds (process running for 2.433)
2026-02-20 15:58:44 [http-nio-8080-exec-1] INFO  o.a.c.core.ContainerBase.[Tomcat].[localhost].[/] - Initializing Spring DispatcherServlet 'dispatcherServlet'
2026-02-20 15:58:44 [http-nio-8080-exec-1] INFO  org.springframework.web.servlet.DispatcherServlet - Initializing Servlet 'dispatcherServlet'
2026-02-20 15:58:44 [http-nio-8080-exec-1] INFO  org.springframework.web.servlet.DispatcherServlet - Completed initialization in 0 ms
2026-02-20 15:58:44 [http-nio-8080-exec-1] INFO  org.javaweb.filter.TokenFilter - 登录请求
2026-02-20 15:58:44 [http-nio-8080-exec-1] INFO  com.zaxxer.hikari.HikariDataSource - HikariPool-1 - Starting...
2026-02-20 15:58:44 [http-nio-8080-exec-1] INFO  com.zaxxer.hikari.pool.HikariPool - HikariPool-1 - Added connection com.mysql.cj.jdbc.ConnectionImpl@40684c2b
2026-02-20 15:58:44 [http-nio-8080-exec-1] INFO  com.zaxxer.hikari.HikariDataSource - HikariPool-1 - Start completed.
2026-02-20 15:58:44 [http-nio-8080-exec-1] INFO  org.javaweb.service.impl.EmpServiceImpl - 【员工管理】员工登录成功，用户名：shinaian
2026-02-20 15:58:44 [http-nio-8080-exec-1] INFO  org.javaweb.service.impl.EmpServiceImpl - 【员工管理】当前用户详细信息：Emp{id=null, username='shinaian', name='null', gender=未知, phone='null', job=未知职位, salary=null, entryDate=null, deptName='null', exprList=null}
2026-02-20 15:59:00 [http-nio-8080-exec-2] INFO  org.javaweb.filter.TokenFilter - 登录请求
2026-02-20 15:59:00 [http-nio-8080-exec-2] ERROR org.javaweb.exception.GlobalExceptionHandler - 业务异常：用户名或密码错误
2026-02-20 18:14:55 [SpringApplicationShutdownHook] INFO  o.s.boot.web.embedded.tomcat.GracefulShutdown - Commencing graceful shutdown. Waiting for active requests to complete
2026-02-20 18:14:56 [tomcat-shutdown] INFO  o.s.boot.web.embedded.tomcat.GracefulShutdown - Graceful shutdown complete
2026-02-20 18:14:56 [SpringApplicationShutdownHook] INFO  com.zaxxer.hikari.HikariDataSource - HikariPool-1 - Shutdown initiated...
2026-02-20 18:14:56 [SpringApplicationShutdownHook] INFO  com.zaxxer.hikari.HikariDataSource - HikariPool-1 - Shutdown completed.
2026-02-20 18:14:56 [SpringApplicationShutdownHook] INFO  org.javaweb.filter.TokenFilter - DemoFilter destroy 销毁
