2026-02-27 10:17:24 [main] INFO  org.javaweb.TliasWebManagementApplication - Starting TliasWebManagementApplication using Java 17.0.18 with PID 15844 (F:\JavaWeb_Works\web-projects-taliss\tlias-web-management\target\classes started by tswos in F:\JavaWeb_Works\web-projects-taliss)
2026-02-27 10:17:24 [main] INFO  org.javaweb.TliasWebManagementApplication - No active profile set, falling back to 1 default profile: "default"
2026-02-27 10:17:25 [main] INFO  o.s.boot.web.embedded.tomcat.TomcatWebServer - Tomcat initialized with port 8080 (http)
2026-02-27 10:17:25 [main] INFO  org.apache.coyote.http11.Http11NioProtocol - Initializing ProtocolHandler ["http-nio-8080"]
2026-02-27 10:17:25 [main] INFO  org.apache.catalina.core.StandardService - Starting service [Tomcat]
2026-02-27 10:17:25 [main] INFO  org.apache.catalina.core.StandardEngine - Starting Servlet engine: [Apache Tomcat/10.1.50]
2026-02-27 10:17:25 [main] INFO  o.a.c.core.ContainerBase.[Tomcat].[localhost].[/] - Initializing Spring embedded WebApplicationContext
2026-02-27 10:17:25 [main] INFO  o.s.b.w.s.c.ServletWebServerApplicationContext - Root WebApplicationContext: initialization completed in 963 ms
2026-02-27 10:17:25 [main] INFO  org.javaweb.filter.TokenFilter - DemoFilter init 初始化
2026-02-27 10:17:26 [main] INFO  org.apache.coyote.http11.Http11NioProtocol - Starting ProtocolHandler ["http-nio-8080"]
2026-02-27 10:17:26 [main] INFO  o.s.boot.web.embedded.tomcat.TomcatWebServer - Tomcat started on port 8080 (http) with context path '/'
2026-02-27 10:17:26 [main] INFO  org.javaweb.TliasWebManagementApplication - Started TliasWebManagementApplication in 2.071 seconds (process running for 3.202)
2026-02-27 10:17:45 [http-nio-8080-exec-1] INFO  o.a.c.core.ContainerBase.[Tomcat].[localhost].[/] - Initializing Spring DispatcherServlet 'dispatcherServlet'
2026-02-27 10:17:45 [http-nio-8080-exec-1] INFO  org.springframework.web.servlet.DispatcherServlet - Initializing Servlet 'dispatcherServlet'
2026-02-27 10:17:45 [http-nio-8080-exec-1] INFO  org.springframework.web.servlet.DispatcherServlet - Completed initialization in 0 ms
2026-02-27 10:17:45 [http-nio-8080-exec-1] INFO  org.javaweb.filter.TokenFilter - 系统未登录
2026-02-27 10:17:50 [http-nio-8080-exec-2] INFO  org.javaweb.filter.TokenFilter - 登录请求
2026-02-27 10:17:50 [http-nio-8080-exec-2] INFO  com.zaxxer.hikari.HikariDataSource - HikariPool-1 - Starting...
2026-02-27 10:17:51 [http-nio-8080-exec-2] INFO  com.zaxxer.hikari.pool.HikariPool - HikariPool-1 - Added connection com.mysql.cj.jdbc.ConnectionImpl@66582015
2026-02-27 10:17:51 [http-nio-8080-exec-2] INFO  com.zaxxer.hikari.HikariDataSource - HikariPool-1 - Start completed.
2026-02-27 10:17:51 [http-nio-8080-exec-2] INFO  org.javaweb.service.impl.EmpServiceImpl - 【员工管理】员工登录成功，用户名：shinaian
2026-02-27 10:17:51 [http-nio-8080-exec-2] INFO  org.javaweb.service.impl.EmpServiceImpl - 【员工管理】当前用户详细信息：Emp{id=null, username='shinaian', name='null', gender=未知, phone='null', job=未知职位, salary=null, entryDate=null, deptName='null', exprList=null}
2026-02-27 10:17:53 [http-nio-8080-exec-3] INFO  org.javaweb.filter.TokenFilter - 当前登录员工ID：1
2026-02-27 10:17:53 [http-nio-8080-exec-3] INFO  org.javaweb.service.impl.DeptServiceImpl - 【部门管理】开始查询所有部门信息
2026-02-27 10:17:53 [http-nio-8080-exec-8] INFO  org.javaweb.filter.TokenFilter - 当前登录员工ID：1
2026-02-27 10:17:53 [http-nio-8080-exec-5] INFO  org.javaweb.filter.TokenFilter - 当前登录员工ID：1
2026-02-27 10:17:53 [http-nio-8080-exec-8] INFO  org.javaweb.service.impl.DeptServiceImpl - 【部门管理】开始查询所有部门信息
2026-02-27 10:17:53 [http-nio-8080-exec-5] INFO  org.javaweb.service.impl.EmpServiceImpl - 【员工管理】接收到员工条件查询请求，查询参数：EmpQueryParam(name=, gender=null, begin=null, end=null, page=1, pageSize=10)
2026-02-27 10:17:53 [http-nio-8080-exec-5] INFO  org.javaweb.service.impl.EmpServiceImpl - 【员工管理】姓名参数预处理完成，处理后：null
2026-02-27 10:17:53 [http-nio-8080-exec-5] INFO  org.javaweb.service.impl.EmpServiceImpl - 【员工管理】分页参数处理完成，当前页码：1，每页条数：10
2026-02-27 10:17:53 [http-nio-8080-exec-5] INFO  org.javaweb.service.impl.EmpServiceImpl - 【员工管理】员工条件查询执行完成，查询到10条数据
2026-02-27 10:17:55 [http-nio-8080-exec-6] INFO  org.javaweb.filter.TokenFilter - 当前登录员工ID：1
2026-02-27 10:17:55 [http-nio-8080-exec-4] INFO  org.javaweb.filter.TokenFilter - 当前登录员工ID：1
2026-02-27 10:17:55 [http-nio-8080-exec-9] INFO  org.javaweb.filter.TokenFilter - 当前登录员工ID：1
2026-02-27 10:17:55 [http-nio-8080-exec-7] INFO  org.javaweb.filter.TokenFilter - 当前登录员工ID：1
2026-02-27 10:17:56 [http-nio-8080-exec-10] INFO  org.javaweb.filter.TokenFilter - 当前登录员工ID：1
2026-02-27 10:18:16 [SpringApplicationShutdownHook] INFO  o.s.boot.web.embedded.tomcat.GracefulShutdown - Commencing graceful shutdown. Waiting for active requests to complete
2026-02-27 10:18:16 [tomcat-shutdown] INFO  o.s.boot.web.embedded.tomcat.GracefulShutdown - Graceful shutdown complete
2026-02-27 10:18:16 [SpringApplicationShutdownHook] INFO  com.zaxxer.hikari.HikariDataSource - HikariPool-1 - Shutdown initiated...
2026-02-27 10:18:16 [SpringApplicationShutdownHook] INFO  com.zaxxer.hikari.HikariDataSource - HikariPool-1 - Shutdown completed.
2026-02-27 10:18:16 [SpringApplicationShutdownHook] INFO  org.javaweb.filter.TokenFilter - DemoFilter destroy 销毁
